<?xml version="1.0" encoding="UTF-8" standalone="no"?>
<!DOCTYPE log SYSTEM "logger.dtd">
<log>
<record>
  <date>2017-10-13T17:44:24</date>
  <millis>1507909464155</millis>
  <sequence>1</sequence>
  <logger>main.Main</logger>
  <level>SEVERE</level>
  <class>main.Main</class>
  <method>main</method>
  <thread>1</thread>
  <message>Overdraft. Current balance =1500.0</message>
</record>
<record>
  <date>2017-10-13T17:44:24</date>
  <millis>1507909464157</millis>
  <sequence>2</sequence>
  <logger>main.Main</logger>
  <level>INFO</level>
  <class>main.Main</class>
  <method>main</method>
  <thread>1</thread>
  <message>{Compte 1a8183f2-ede1-453d-9122-0698cb49a803
Owner: John Doe
Balance: John Doe
</message>
</record>
</log>
